[2020-02-08 08:23:00] local.ERROR: file_put_contents(D:\OSPanel\domains\vadim\storage\framework\views/cd8e9c3822f89a7286fa81bf41ef0ae7b5d1ec18.php): failed to open stream: No such file or directory {"exception":"[object] (ErrorException(code: 0): file_put_contents(D:\\OSPanel\\domains\\vadim\\storage\\framework\\views/cd8e9c3822f89a7286fa81bf41ef0ae7b5d1ec18.php): failed to open stream: No such file or directory at /var/www/vhosts/u0518462.plsk.regruhosting.ru/fjfkv.u0518462.plsk.regruhosting.ru/vendor/laravel/framework/src/Illuminate/Filesystem/Filesystem.php:133)
[stacktrace]
#0 [internal function]: Illuminate\\Foundation\\Bootstrap\\HandleExceptions->handleError(2, 'file_put_conten...', '/var/www/vhosts...', 133, Array)
#1 /var/www/vhosts/u0518462.plsk.regruhosting.ru/fjfkv.u0518462.plsk.regruhosting.ru/vendor/laravel/framework/src/Illuminate/Filesystem/Filesystem.php(133): file_put_contents('D:\\\\OSPanel\\\\doma...', '<?php $__env->s...', 0)
#2 /var/www/vhosts/u0518462.plsk.regruhosting.ru/fjfkv.u0518462.plsk.regruhosting.ru/vendor/laravel/framework/src/Illuminate/View/Compilers/BladeCompiler.php(129): Illuminate\\Filesystem\\Filesystem->put('D:\\\\OSPanel\\\\doma...', '<?php $__env->s...')
#3 /var/www/vhosts/u0518462.plsk.regruhosting.ru/fjfkv.u0518462.plsk.regruhosting.ru/vendor/laravel/framework/src/Illuminate/View/Engines/CompilerEngine.php(51): Illuminate\\View\\Compilers\\BladeCompiler->compile('/var/www/vhosts...')
#4 /var/www/vhosts/u0518462.plsk.regruhosting.ru/fjfkv.u0518462.plsk.regruhosting.ru/vendor/facade/ignition/src/Views/Engines/CompilerEngine.php(36): Illuminate\\View\\Engines\\CompilerEngine->get('/var/www/vhosts...', Array)
#5 /var/www/vhosts/u0518462.plsk.regruhosting.ru/fjfkv.u0518462.plsk.regruhosting.ru/vendor/laravel/framework/src/Illuminate/View/View.php(143): Facade\\Ignition\\Views\\Engines\\CompilerEngine->get('/var/www/vhosts...', Array)
#6 /var/www/vhosts/u0518462.plsk.regruhosting.ru/fjfkv.u0518462.plsk.regruhosting.ru/vendor/laravel/framework/src/Illuminate/View/View.php(126): Illuminate\\View\\View->getContents()
#7 /var/www/vhosts/u0518462.plsk.regruhosting.ru/fjfkv.u0518462.plsk.regruhosting.ru/vendor/laravel/framework/src/Illuminate/View/View.php(91): Illuminate\\View\\View->renderContents()
#8 /var/www/vhosts/u0518462.plsk.regruhosting.ru/fjfkv.u0518462.plsk.regruhosting.ru/vendor/laravel/framework/src/Illuminate/Http/Response.php(42): Illuminate\\View\\View->render()
#9 /var/www/vhosts/u0518462.plsk.regruhosting.ru/fjfkv.u0518462.plsk.regruhosting.ru/vendor/symfony/http-foundation/Response.php(202): Illuminate\\Http\\Response->setContent(Object(Illuminate\\View\\View))
#10 /var/www/vhosts/u0518462.plsk.regruhosting.ru/fjfkv.u0518462.plsk.regruhosting.ru/vendor/laravel/framework/src/Illuminate/Routing/ResponseFactory.php(55): Symfony\\Component\\HttpFoundation\\Response->__construct(Object(Illuminate\\View\\View), 404, Array)
#11 /var/www/vhosts/u0518462.plsk.regruhosting.ru/fjfkv.u0518462.plsk.regruhosting.ru/vendor/laravel/framework/src/Illuminate/Routing/ResponseFactory.php(85): Illuminate\\Routing\\ResponseFactory->make(Object(Illuminate\\View\\View), 404, Array)
#12 /var/www/vhosts/u0518462.plsk.regruhosting.ru/fjfkv.u0518462.plsk.regruhosting.ru/vendor/laravel/framework/src/Illuminate/Foundation/Exceptions/Handler.php(407): Illuminate\\Routing\\ResponseFactory->view('errors::404', Array, 404, Array)
#13 /var/www/vhosts/u0518462.plsk.regruhosting.ru/fjfkv.u0518462.plsk.regruhosting.ru/vendor/laravel/framework/src/Illuminate/Foundation/Exceptions/Handler.php(312): Illuminate\\Foundation\\Exceptions\\Handler->renderHttpException(Object(Symfony\\Component\\HttpKernel\\Exception\\NotFoundHttpException))
#14 /var/www/vhosts/u0518462.plsk.regruhosting.ru/fjfkv.u0518462.plsk.regruhosting.ru/vendor/laravel/framework/src/Illuminate/Foundation/Exceptions/Handler.php(209): Illuminate\\Foundation\\Exceptions\\Handler->prepareResponse(Object(Illuminate\\Http\\Request), Object(Symfony\\Component\\HttpKernel\\Exception\\NotFoundHttpException))
#15 /var/www/vhosts/u0518462.plsk.regruhosting.ru/fjfkv.u0518462.plsk.regruhosting.ru/app/Exceptions/Handler.php(49): Illuminate\\Foundation\\Exceptions\\Handler->render(Object(Illuminate\\Http\\Request), Object(Symfony\\Component\\HttpKernel\\Exception\\NotFoundHttpException))
#16 /var/www/vhosts/u0518462.plsk.regruhosting.ru/fjfkv.u0518462.plsk.regruhosting.ru/vendor/laravel/framework/src/Illuminate/Routing/Pipeline.php(51): App\\Exceptions\\Handler->render(Object(Illuminate\\Http\\Request), Object(Symfony\\Component\\HttpKernel\\Exception\\NotFoundHttpException))
#17 /var/www/vhosts/u0518462.plsk.regruhosting.ru/fjfkv.u0518462.plsk.regruhosting.ru/vendor/laravel/framework/src/Illuminate/Pipeline/Pipeline.php(132): Illuminate\\Routing\\Pipeline->handleException(Object(Illuminate\\Http\\Request), Object(Symfony\\Component\\HttpKernel\\Exception\\NotFoundHttpException))
#18 /var/www/vhosts/u0518462.plsk.regruhosting.ru/fjfkv.u0518462.plsk.regruhosting.ru/vendor/laravel/framework/src/Illuminate/Foundation/Http/Middleware/TransformsRequest.php(21): Illuminate\\Pipeline\\Pipeline->Illuminate\\Pipeline\\{closure}(Object(Illuminate\\Http\\Request))
#19 /var/www/vhosts/u0518462.plsk.regruhosting.ru/fjfkv.u0518462.plsk.regruhosting.ru/vendor/laravel/framework/src/Illuminate/Pipeline/Pipeline.php(171): Illuminate\\Foundation\\Http\\Middleware\\TransformsRequest->handle(Object(Illuminate\\Http\\Request), Object(Closure))
#20 /var/www/vhosts/u0518462.plsk.regruhosting.ru/fjfkv.u0518462.plsk.regruhosting.ru/vendor/laravel/framework/src/Illuminate/Foundation/Http/Middleware/TransformsRequest.php(21): Illuminate\\Pipeline\\Pipeline->Illuminate\\Pipeline\\{closure}(Object(Illuminate\\Http\\Request))
#21 /var/www/vhosts/u0518462.plsk.regruhosting.ru/fjfkv.u0518462.plsk.regruhosting.ru/vendor/laravel/framework/src/Illuminate/Pipeline/Pipeline.php(171): Illuminate\\Foundation\\Http\\Middleware\\TransformsRequest->handle(Object(Illuminate\\Http\\Request), Object(Closure))
#22 /var/www/vhosts/u0518462.plsk.regruhosting.ru/fjfkv.u0518462.plsk.regruhosting.ru/vendor/laravel/framework/src/Illuminate/Foundation/Http/Middleware/ValidatePostSize.php(27): Illuminate\\Pipeline\\Pipeline->Illuminate\\Pipeline\\{closure}(Object(Illuminate\\Http\\Request))
#23 /var/www/vhosts/u0518462.plsk.regruhosting.ru/fjfkv.u0518462.plsk.regruhosting.ru/vendor/laravel/framework/src/Illuminate/Pipeline/Pipeline.php(171): Illuminate\\Foundation\\Http\\Middleware\\ValidatePostSize->handle(Object(Illuminate\\Http\\Request), Object(Closure))
#24 /var/www/vhosts/u0518462.plsk.regruhosting.ru/fjfkv.u0518462.plsk.regruhosting.ru/vendor/laravel/framework/src/Illuminate/Foundation/Http/Middleware/CheckForMaintenanceMode.php(63): Illuminate\\Pipeline\\Pipeline->Illuminate\\Pipeline\\{closure}(Object(Illuminate\\Http\\Request))
#25 /var/www/vhosts/u0518462.plsk.regruhosting.ru/fjfkv.u0518462.plsk.regruhosting.ru/vendor/laravel/framework/src/Illuminate/Pipeline/Pipeline.php(171): Illuminate\\Foundation\\Http\\Middleware\\CheckForMaintenanceMode->handle(Object(Illuminate\\Http\\Request), Object(Closure))
#26 /var/www/vhosts/u0518462.plsk.regruhosting.ru/fjfkv.u0518462.plsk.regruhosting.ru/vendor/fideloper/proxy/src/TrustProxies.php(57): Illuminate\\Pipeline\\Pipeline->Illuminate\\Pipeline\\{closure}(Object(Illuminate\\Http\\Request))
#27 /var/www/vhosts/u0518462.plsk.regruhosting.ru/fjfkv.u0518462.plsk.regruhosting.ru/vendor/laravel/framework/src/Illuminate/Pipeline/Pipeline.php(171): Fideloper\\Proxy\\TrustProxies->handle(Object(Illuminate\\Http\\Request), Object(Closure))
#28 /var/www/vhosts/u0518462.plsk.regruhosting.ru/fjfkv.u0518462.plsk.regruhosting.ru/vendor/laravel/framework/src/Illuminate/Pipeline/Pipeline.php(105): Illuminate\\Pipeline\\Pipeline->Illuminate\\Pipeline\\{closure}(Object(Illuminate\\Http\\Request))
#29 /var/www/vhosts/u0518462.plsk.regruhosting.ru/fjfkv.u0518462.plsk.regruhosting.ru/vendor/laravel/framework/src/Illuminate/Foundation/Http/Kernel.php(145): Illuminate\\Pipeline\\Pipeline->then(Object(Closure))
#30 /var/www/vhosts/u0518462.plsk.regruhosting.ru/fjfkv.u0518462.plsk.regruhosting.ru/vendor/laravel/framework/src/Illuminate/Foundation/Http/Kernel.php(110): Illuminate\\Foundation\\Http\\Kernel->sendRequestThroughRouter(Object(Illuminate\\Http\\Request))
#31 /var/www/vhosts/u0518462.plsk.regruhosting.ru/fjfkv.u0518462.plsk.regruhosting.ru/public/index.php(55): Illuminate\\Foundation\\Http\\Kernel->handle(Object(Illuminate\\Http\\Request))
#32 {main}
"} 
[2020-02-08 19:10:21] local.ERROR: file_put_contents(D:\OSPanel\domains\vadim\storage\framework/sessions/zvoArF4LQPreMjG4NerkshsDNChsmSkOkuA3geiy): failed to open stream: No such file or directory {"exception":"[object] (ErrorException(code: 0): file_put_contents(D:\\OSPanel\\domains\\vadim\\storage\\framework/sessions/zvoArF4LQPreMjG4NerkshsDNChsmSkOkuA3geiy): failed to open stream: No such file or directory at /var/www/vhosts/u0518462.plsk.regruhosting.ru/fjfkv.u0518462.plsk.regruhosting.ru/vendor/laravel/framework/src/Illuminate/Filesystem/Filesystem.php:133)
[stacktrace]
#0 [internal function]: Illuminate\\Foundation\\Bootstrap\\HandleExceptions->handleError(2, 'file_put_conten...', '/var/www/vhosts...', 133, Array)
#1 /var/www/vhosts/u0518462.plsk.regruhosting.ru/fjfkv.u0518462.plsk.regruhosting.ru/vendor/laravel/framework/src/Illuminate/Filesystem/Filesystem.php(133): file_put_contents('D:\\\\OSPanel\\\\doma...', 'a:4:{s:6:\"_toke...', 2)
#2 /var/www/vhosts/u0518462.plsk.regruhosting.ru/fjfkv.u0518462.plsk.regruhosting.ru/vendor/laravel/framework/src/Illuminate/Session/FileSessionHandler.php(83): Illuminate\\Filesystem\\Filesystem->put('D:\\\\OSPanel\\\\doma...', 'a:4:{s:6:\"_toke...', true)
#3 /var/www/vhosts/u0518462.plsk.regruhosting.ru/fjfkv.u0518462.plsk.regruhosting.ru/vendor/laravel/framework/src/Illuminate/Session/Store.php(129): Illuminate\\Session\\FileSessionHandler->write('zvoArF4LQPreMjG...', 'a:4:{s:6:\"_toke...')
#4 /var/www/vhosts/u0518462.plsk.regruhosting.ru/fjfkv.u0518462.plsk.regruhosting.ru/vendor/laravel/framework/src/Illuminate/Session/Middleware/StartSession.php(170): Illuminate\\Session\\Store->save()
#5 /var/www/vhosts/u0518462.plsk.regruhosting.ru/fjfkv.u0518462.plsk.regruhosting.ru/vendor/laravel/framework/src/Illuminate/Session/Middleware/StartSession.php(65): Illuminate\\Session\\Middleware\\StartSession->saveSession(Object(Illuminate\\Http\\Request))
#6 /var/www/vhosts/u0518462.plsk.regruhosting.ru/fjfkv.u0518462.plsk.regruhosting.ru/vendor/laravel/framework/src/Illuminate/Pipeline/Pipeline.php(171): Illuminate\\Session\\Middleware\\StartSession->handle(Object(Illuminate\\Http\\Request), Object(Closure))
#7 /var/www/vhosts/u0518462.plsk.regruhosting.ru/fjfkv.u0518462.plsk.regruhosting.ru/vendor/laravel/framework/src/Illuminate/Cookie/Middleware/AddQueuedCookiesToResponse.php(37): Illuminate\\Pipeline\\Pipeline->Illuminate\\Pipeline\\{closure}(Object(Illuminate\\Http\\Request))
#8 /var/www/vhosts/u0518462.plsk.regruhosting.ru/fjfkv.u0518462.plsk.regruhosting.ru/vendor/laravel/framework/src/Illuminate/Pipeline/Pipeline.php(171): Illuminate\\Cookie\\Middleware\\AddQueuedCookiesToResponse->handle(Object(Illuminate\\Http\\Request), Object(Closure))
#9 /var/www/vhosts/u0518462.plsk.regruhosting.ru/fjfkv.u0518462.plsk.regruhosting.ru/vendor/laravel/framework/src/Illuminate/Cookie/Middleware/EncryptCookies.php(66): Illuminate\\Pipeline\\Pipeline->Illuminate\\Pipeline\\{closure}(Object(Illuminate\\Http\\Request))
#10 /var/www/vhosts/u0518462.plsk.regruhosting.ru/fjfkv.u0518462.plsk.regruhosting.ru/vendor/laravel/framework/src/Illuminate/Pipeline/Pipeline.php(171): Illuminate\\Cookie\\Middleware\\EncryptCookies->handle(Object(Illuminate\\Http\\Request), Object(Closure))
#11 /var/www/vhosts/u0518462.plsk.regruhosting.ru/fjfkv.u0518462.plsk.regruhosting.ru/vendor/laravel/framework/src/Illuminate/Pipeline/Pipeline.php(105): Illuminate\\Pipeline\\Pipeline->Illuminate\\Pipeline\\{closure}(Object(Illuminate\\Http\\Request))
#12 /var/www/vhosts/u0518462.plsk.regruhosting.ru/fjfkv.u0518462.plsk.regruhosting.ru/vendor/laravel/framework/src/Illuminate/Routing/Router.php(683): Illuminate\\Pipeline\\Pipeline->then(Object(Closure))
#13 /var/www/vhosts/u0518462.plsk.regruhosting.ru/fjfkv.u0518462.plsk.regruhosting.ru/vendor/laravel/framework/src/Illuminate/Routing/Router.php(658): Illuminate\\Routing\\Router->runRouteWithinStack(Object(Illuminate\\Routing\\Route), Object(Illuminate\\Http\\Request))
#14 /var/www/vhosts/u0518462.plsk.regruhosting.ru/fjfkv.u0518462.plsk.regruhosting.ru/vendor/laravel/framework/src/Illuminate/Routing/Router.php(624): Illuminate\\Routing\\Router->runRoute(Object(Illuminate\\Http\\Request), Object(Illuminate\\Routing\\Route))
#15 /var/www/vhosts/u0518462.plsk.regruhosting.ru/fjfkv.u0518462.plsk.regruhosting.ru/vendor/laravel/framework/src/Illuminate/Routing/Router.php(613): Illuminate\\Routing\\Router->dispatchToRoute(Object(Illuminate\\Http\\Request))
#16 /var/www/vhosts/u0518462.plsk.regruhosting.ru/fjfkv.u0518462.plsk.regruhosting.ru/vendor/laravel/framework/src/Illuminate/Foundation/Http/Kernel.php(170): Illuminate\\Routing\\Router->dispatch(Object(Illuminate\\Http\\Request))
#17 /var/www/vhosts/u0518462.plsk.regruhosting.ru/fjfkv.u0518462.plsk.regruhosting.ru/vendor/laravel/framework/src/Illuminate/Pipeline/Pipeline.php(130): Illuminate\\Foundation\\Http\\Kernel->Illuminate\\Foundation\\Http\\{closure}(Object(Illuminate\\Http\\Request))
#18 /var/www/vhosts/u0518462.plsk.regruhosting.ru/fjfkv.u0518462.plsk.regruhosting.ru/vendor/laravel/framework/src/Illuminate/Foundation/Http/Middleware/TransformsRequest.php(21): Illuminate\\Pipeline\\Pipeline->Illuminate\\Pipeline\\{closure}(Object(Illuminate\\Http\\Request))
#19 /var/www/vhosts/u0518462.plsk.regruhosting.ru/fjfkv.u0518462.plsk.regruhosting.ru/vendor/laravel/framework/src/Illuminate/Pipeline/Pipeline.php(171): Illuminate\\Foundation\\Http\\Middleware\\TransformsRequest->handle(Object(Illuminate\\Http\\Request), Object(Closure))
#20 /var/www/vhosts/u0518462.plsk.regruhosting.ru/fjfkv.u0518462.plsk.regruhosting.ru/vendor/laravel/framework/src/Illuminate/Foundation/Http/Middleware/TransformsRequest.php(21): Illuminate\\Pipeline\\Pipeline->Illuminate\\Pipeline\\{closure}(Object(Illuminate\\Http\\Request))
#21 /var/www/vhosts/u0518462.plsk.regruhosting.ru/fjfkv.u0518462.plsk.regruhosting.ru/vendor/laravel/framework/src/Illuminate/Pipeline/Pipeline.php(171): Illuminate\\Foundation\\Http\\Middleware\\TransformsRequest->handle(Object(Illuminate\\Http\\Request), Object(Closure))
#22 /var/www/vhosts/u0518462.plsk.regruhosting.ru/fjfkv.u0518462.plsk.regruhosting.ru/vendor/laravel/framework/src/Illuminate/Foundation/Http/Middleware/ValidatePostSize.php(27): Illuminate\\Pipeline\\Pipeline->Illuminate\\Pipeline\\{closure}(Object(Illuminate\\Http\\Request))
#23 /var/www/vhosts/u0518462.plsk.regruhosting.ru/fjfkv.u0518462.plsk.regruhosting.ru/vendor/laravel/framework/src/Illuminate/Pipeline/Pipeline.php(171): Illuminate\\Foundation\\Http\\Middleware\\ValidatePostSize->handle(Object(Illuminate\\Http\\Request), Object(Closure))
#24 /var/www/vhosts/u0518462.plsk.regruhosting.ru/fjfkv.u0518462.plsk.regruhosting.ru/vendor/laravel/framework/src/Illuminate/Foundation/Http/Middleware/CheckForMaintenanceMode.php(63): Illuminate\\Pipeline\\Pipeline->Illuminate\\Pipeline\\{closure}(Object(Illuminate\\Http\\Request))
#25 /var/www/vhosts/u0518462.plsk.regruhosting.ru/fjfkv.u0518462.plsk.regruhosting.ru/vendor/laravel/framework/src/Illuminate/Pipeline/Pipeline.php(171): Illuminate\\Foundation\\Http\\Middleware\\CheckForMaintenanceMode->handle(Object(Illuminate\\Http\\Request), Object(Closure))
#26 /var/www/vhosts/u0518462.plsk.regruhosting.ru/fjfkv.u0518462.plsk.regruhosting.ru/vendor/fideloper/proxy/src/TrustProxies.php(57): Illuminate\\Pipeline\\Pipeline->Illuminate\\Pipeline\\{closure}(Object(Illuminate\\Http\\Request))
#27 /var/www/vhosts/u0518462.plsk.regruhosting.ru/fjfkv.u0518462.plsk.regruhosting.ru/vendor/laravel/framework/src/Illuminate/Pipeline/Pipeline.php(171): Fideloper\\Proxy\\TrustProxies->handle(Object(Illuminate\\Http\\Request), Object(Closure))
#28 /var/www/vhosts/u0518462.plsk.regruhosting.ru/fjfkv.u0518462.plsk.regruhosting.ru/vendor/laravel/framework/src/Illuminate/Pipeline/Pipeline.php(105): Illuminate\\Pipeline\\Pipeline->Illuminate\\Pipeline\\{closure}(Object(Illuminate\\Http\\Request))
#29 /var/www/vhosts/u0518462.plsk.regruhosting.ru/fjfkv.u0518462.plsk.regruhosting.ru/vendor/laravel/framework/src/Illuminate/Foundation/Http/Kernel.php(145): Illuminate\\Pipeline\\Pipeline->then(Object(Closure))
#30 /var/www/vhosts/u0518462.plsk.regruhosting.ru/fjfkv.u0518462.plsk.regruhosting.ru/vendor/laravel/framework/src/Illuminate/Foundation/Http/Kernel.php(110): Illuminate\\Foundation\\Http\\Kernel->sendRequestThroughRouter(Object(Illuminate\\Http\\Request))
#31 /var/www/vhosts/u0518462.plsk.regruhosting.ru/fjfkv.u0518462.plsk.regruhosting.ru/public/index.php(55): Illuminate\\Foundation\\Http\\Kernel->handle(Object(Illuminate\\Http\\Request))
#32 {main}
"} 
[2020-02-08 22:26:59] local.ERROR: file_put_contents(D:\OSPanel\domains\vadim\storage\framework\views/cd8e9c3822f89a7286fa81bf41ef0ae7b5d1ec18.php): failed to open stream: No such file or directory {"exception":"[object] (ErrorException(code: 0): file_put_contents(D:\\OSPanel\\domains\\vadim\\storage\\framework\\views/cd8e9c3822f89a7286fa81bf41ef0ae7b5d1ec18.php): failed to open stream: No such file or directory at /var/www/vhosts/u0518462.plsk.regruhosting.ru/fjfkv.u0518462.plsk.regruhosting.ru/vendor/laravel/framework/src/Illuminate/Filesystem/Filesystem.php:133)
[stacktrace]
#0 [internal function]: Illuminate\\Foundation\\Bootstrap\\HandleExceptions->handleError(2, 'file_put_conten...', '/var/www/vhosts...', 133, Array)
#1 /var/www/vhosts/u0518462.plsk.regruhosting.ru/fjfkv.u0518462.plsk.regruhosting.ru/vendor/laravel/framework/src/Illuminate/Filesystem/Filesystem.php(133): file_put_contents('D:\\\\OSPanel\\\\doma...', '<?php $__env->s...', 0)
#2 /var/www/vhosts/u0518462.plsk.regruhosting.ru/fjfkv.u0518462.plsk.regruhosting.ru/vendor/laravel/framework/src/Illuminate/View/Compilers/BladeCompiler.php(129): Illuminate\\Filesystem\\Filesystem->put('D:\\\\OSPanel\\\\doma...', '<?php $__env->s...')
#3 /var/www/vhosts/u0518462.plsk.regruhosting.ru/fjfkv.u0518462.plsk.regruhosting.ru/vendor/laravel/framework/src/Illuminate/View/Engines/CompilerEngine.php(51): Illuminate\\View\\Compilers\\BladeCompiler->compile('/var/www/vhosts...')
#4 /var/www/vhosts/u0518462.plsk.regruhosting.ru/fjfkv.u0518462.plsk.regruhosting.ru/vendor/facade/ignition/src/Views/Engines/CompilerEngine.php(36): Illuminate\\View\\Engines\\CompilerEngine->get('/var/www/vhosts...', Array)
#5 /var/www/vhosts/u0518462.plsk.regruhosting.ru/fjfkv.u0518462.plsk.regruhosting.ru/vendor/laravel/framework/src/Illuminate/View/View.php(143): Facade\\Ignition\\Views\\Engines\\CompilerEngine->get('/var/www/vhosts...', Array)
#6 /var/www/vhosts/u0518462.plsk.regruhosting.ru/fjfkv.u0518462.plsk.regruhosting.ru/vendor/laravel/framework/src/Illuminate/View/View.php(126): Illuminate\\View\\View->getContents()
#7 /var/www/vhosts/u0518462.plsk.regruhosting.ru/fjfkv.u0518462.plsk.regruhosting.ru/vendor/laravel/framework/src/Illuminate/View/View.php(91): Illuminate\\View\\View->renderContents()
#8 /var/www/vhosts/u0518462.plsk.regruhosting.ru/fjfkv.u0518462.plsk.regruhosting.ru/vendor/laravel/framework/src/Illuminate/Http/Response.php(42): Illuminate\\View\\View->render()
#9 /var/www/vhosts/u0518462.plsk.regruhosting.ru/fjfkv.u0518462.plsk.regruhosting.ru/vendor/symfony/http-foundation/Response.php(202): Illuminate\\Http\\Response->setContent(Object(Illuminate\\View\\View))
#10 /var/www/vhosts/u0518462.plsk.regruhosting.ru/fjfkv.u0518462.plsk.regruhosting.ru/vendor/laravel/framework/src/Illuminate/Routing/ResponseFactory.php(55): Symfony\\Component\\HttpFoundation\\Response->__construct(Object(Illuminate\\View\\View), 404, Array)
#11 /var/www/vhosts/u0518462.plsk.regruhosting.ru/fjfkv.u0518462.plsk.regruhosting.ru/vendor/laravel/framework/src/Illuminate/Routing/ResponseFactory.php(85): Illuminate\\Routing\\ResponseFactory->make(Object(Illuminate\\View\\View), 404, Array)
#12 /var/www/vhosts/u0518462.plsk.regruhosting.ru/fjfkv.u0518462.plsk.regruhosting.ru/vendor/laravel/framework/src/Illuminate/Foundation/Exceptions/Handler.php(407): Illuminate\\Routing\\ResponseFactory->view('errors::404', Array, 404, Array)
#13 /var/www/vhosts/u0518462.plsk.regruhosting.ru/fjfkv.u0518462.plsk.regruhosting.ru/vendor/laravel/framework/src/Illuminate/Foundation/Exceptions/Handler.php(312): Illuminate\\Foundation\\Exceptions\\Handler->renderHttpException(Object(Symfony\\Component\\HttpKernel\\Exception\\NotFoundHttpException))
#14 /var/www/vhosts/u0518462.plsk.regruhosting.ru/fjfkv.u0518462.plsk.regruhosting.ru/vendor/laravel/framework/src/Illuminate/Foundation/Exceptions/Handler.php(209): Illuminate\\Foundation\\Exceptions\\Handler->prepareResponse(Object(Illuminate\\Http\\Request), Object(Symfony\\Component\\HttpKernel\\Exception\\NotFoundHttpException))
#15 /var/www/vhosts/u0518462.plsk.regruhosting.ru/fjfkv.u0518462.plsk.regruhosting.ru/app/Exceptions/Handler.php(49): Illuminate\\Foundation\\Exceptions\\Handler->render(Object(Illuminate\\Http\\Request), Object(Symfony\\Component\\HttpKernel\\Exception\\NotFoundHttpException))
#16 /var/www/vhosts/u0518462.plsk.regruhosting.ru/fjfkv.u0518462.plsk.regruhosting.ru/vendor/laravel/framework/src/Illuminate/Routing/Pipeline.php(51): App\\Exceptions\\Handler->render(Object(Illuminate\\Http\\Request), Object(Symfony\\Component\\HttpKernel\\Exception\\NotFoundHttpException))
#17 /var/www/vhosts/u0518462.plsk.regruhosting.ru/fjfkv.u0518462.plsk.regruhosting.ru/vendor/laravel/framework/src/Illuminate/Pipeline/Pipeline.php(132): Illuminate\\Routing\\Pipeline->handleException(Object(Illuminate\\Http\\Request), Object(Symfony\\Component\\HttpKernel\\Exception\\NotFoundHttpException))
#18 /var/www/vhosts/u0518462.plsk.regruhosting.ru/fjfkv.u0518462.plsk.regruhosting.ru/vendor/laravel/framework/src/Illuminate/Foundation/Http/Middleware/TransformsRequest.php(21): Illuminate\\Pipeline\\Pipeline->Illuminate\\Pipeline\\{closure}(Object(Illuminate\\Http\\Request))
#19 /var/www/vhosts/u0518462.plsk.regruhosting.ru/fjfkv.u0518462.plsk.regruhosting.ru/vendor/laravel/framework/src/Illuminate/Pipeline/Pipeline.php(171): Illuminate\\Foundation\\Http\\Middleware\\TransformsRequest->handle(Object(Illuminate\\Http\\Request), Object(Closure))
#20 /var/www/vhosts/u0518462.plsk.regruhosting.ru/fjfkv.u0518462.plsk.regruhosting.ru/vendor/laravel/framework/src/Illuminate/Foundation/Http/Middleware/TransformsRequest.php(21): Illuminate\\Pipeline\\Pipeline->Illuminate\\Pipeline\\{closure}(Object(Illuminate\\Http\\Request))
#21 /var/www/vhosts/u0518462.plsk.regruhosting.ru/fjfkv.u0518462.plsk.regruhosting.ru/vendor/laravel/framework/src/Illuminate/Pipeline/Pipeline.php(171): Illuminate\\Foundation\\Http\\Middleware\\TransformsRequest->handle(Object(Illuminate\\Http\\Request), Object(Closure))
#22 /var/www/vhosts/u0518462.plsk.regruhosting.ru/fjfkv.u0518462.plsk.regruhosting.ru/vendor/laravel/framework/src/Illuminate/Foundation/Http/Middleware/ValidatePostSize.php(27): Illuminate\\Pipeline\\Pipeline->Illuminate\\Pipeline\\{closure}(Object(Illuminate\\Http\\Request))
#23 /var/www/vhosts/u0518462.plsk.regruhosting.ru/fjfkv.u0518462.plsk.regruhosting.ru/vendor/laravel/framework/src/Illuminate/Pipeline/Pipeline.php(171): Illuminate\\Foundation\\Http\\Middleware\\ValidatePostSize->handle(Object(Illuminate\\Http\\Request), Object(Closure))
#24 /var/www/vhosts/u0518462.plsk.regruhosting.ru/fjfkv.u0518462.plsk.regruhosting.ru/vendor/laravel/framework/src/Illuminate/Foundation/Http/Middleware/CheckForMaintenanceMode.php(63): Illuminate\\Pipeline\\Pipeline->Illuminate\\Pipeline\\{closure}(Object(Illuminate\\Http\\Request))
#25 /var/www/vhosts/u0518462.plsk.regruhosting.ru/fjfkv.u0518462.plsk.regruhosting.ru/vendor/laravel/framework/src/Illuminate/Pipeline/Pipeline.php(171): Illuminate\\Foundation\\Http\\Middleware\\CheckForMaintenanceMode->handle(Object(Illuminate\\Http\\Request), Object(Closure))
#26 /var/www/vhosts/u0518462.plsk.regruhosting.ru/fjfkv.u0518462.plsk.regruhosting.ru/vendor/fideloper/proxy/src/TrustProxies.php(57): Illuminate\\Pipeline\\Pipeline->Illuminate\\Pipeline\\{closure}(Object(Illuminate\\Http\\Request))
#27 /var/www/vhosts/u0518462.plsk.regruhosting.ru/fjfkv.u0518462.plsk.regruhosting.ru/vendor/laravel/framework/src/Illuminate/Pipeline/Pipeline.php(171): Fideloper\\Proxy\\TrustProxies->handle(Object(Illuminate\\Http\\Request), Object(Closure))
#28 /var/www/vhosts/u0518462.plsk.regruhosting.ru/fjfkv.u0518462.plsk.regruhosting.ru/vendor/laravel/framework/src/Illuminate/Pipeline/Pipeline.php(105): Illuminate\\Pipeline\\Pipeline->Illuminate\\Pipeline\\{closure}(Object(Illuminate\\Http\\Request))
#29 /var/www/vhosts/u0518462.plsk.regruhosting.ru/fjfkv.u0518462.plsk.regruhosting.ru/vendor/laravel/framework/src/Illuminate/Foundation/Http/Kernel.php(145): Illuminate\\Pipeline\\Pipeline->then(Object(Closure))
#30 /var/www/vhosts/u0518462.plsk.regruhosting.ru/fjfkv.u0518462.plsk.regruhosting.ru/vendor/laravel/framework/src/Illuminate/Foundation/Http/Kernel.php(110): Illuminate\\Foundation\\Http\\Kernel->sendRequestThroughRouter(Object(Illuminate\\Http\\Request))
#31 /var/www/vhosts/u0518462.plsk.regruhosting.ru/fjfkv.u0518462.plsk.regruhosting.ru/public/index.php(55): Illuminate\\Foundation\\Http\\Kernel->handle(Object(Illuminate\\Http\\Request))
#32 {main}
"} 
